28/01/2019 11:17:47 AM	This log contains information about the import schema operation into project 'Hisab.Database' on computer 'BULLSEYE' by user 'cshah'.
28/01/2019 11:17:47 AM	Import of database schema has started.
28/01/2019 11:17:52 AM	Gathering database credentials
28/01/2019 11:17:52 AM	Gathering database options
28/01/2019 11:17:52 AM	Gathering users
28/01/2019 11:17:52 AM	Gathering roles
28/01/2019 11:17:52 AM	Gathering application roles
28/01/2019 11:17:52 AM	Gathering role memberships
28/01/2019 11:17:52 AM	Gathering filegroups
28/01/2019 11:17:52 AM	Gathering full-text catalogs
28/01/2019 11:17:52 AM	Gathering assemblies
28/01/2019 11:17:52 AM	Gathering certificates
28/01/2019 11:17:52 AM	Gathering asymmetric keys
28/01/2019 11:17:52 AM	Gathering symmetric keys
28/01/2019 11:17:52 AM	Gathering encrypted symmetric keys
28/01/2019 11:17:52 AM	Gathering schemas
28/01/2019 11:17:52 AM	Gathering XML schema collections
28/01/2019 11:17:52 AM	Gathering user-defined data types
28/01/2019 11:17:52 AM	Gathering user-defined types
28/01/2019 11:17:52 AM	Gathering table types
28/01/2019 11:17:52 AM	Gathering unique keys for table types
28/01/2019 11:17:52 AM	Gathering primary keys for table types
28/01/2019 11:17:52 AM	Gathering indexes for table types
28/01/2019 11:17:52 AM	Gathering check constraints for table types
28/01/2019 11:17:52 AM	Gathering default constraints for table types
28/01/2019 11:17:52 AM	Gathering partition functions
28/01/2019 11:17:52 AM	Gathering partition schemes
28/01/2019 11:17:52 AM	Gathering functions
28/01/2019 11:17:52 AM	Gathering encrypted functions
28/01/2019 11:17:52 AM	Gathering aggregates
28/01/2019 11:17:52 AM	Gathering procedures
28/01/2019 11:17:52 AM	Gathering encrypted procedures
28/01/2019 11:17:52 AM	Gathering tables
28/01/2019 11:17:52 AM	Gathering primary keys
28/01/2019 11:17:52 AM	Gathering unique constraints
28/01/2019 11:17:52 AM	Gathering foreign keys
28/01/2019 11:17:52 AM	Gathering default constraints
28/01/2019 11:17:52 AM	Gathering check constraints
28/01/2019 11:17:52 AM	Gathering views
28/01/2019 11:17:52 AM	Gathering encrypted views
28/01/2019 11:17:52 AM	Gathering indexes
28/01/2019 11:17:52 AM	Gathering statistics
28/01/2019 11:17:52 AM	Gathering full-text index stoplists
28/01/2019 11:17:52 AM	Gathering search property lists
28/01/2019 11:17:52 AM	Gathering search properties
28/01/2019 11:17:52 AM	Gathering full-text indexes
28/01/2019 11:17:52 AM	Gathering column store indexes
28/01/2019 11:17:52 AM	Gathering spatial indexes
28/01/2019 11:17:52 AM	Gathering XML indexes
28/01/2019 11:17:52 AM	Gathering Selective XML indexes
28/01/2019 11:17:52 AM	Gathering encrypted triggers
28/01/2019 11:17:52 AM	Gathering triggers
28/01/2019 11:17:52 AM	Gathering encrypted and clr ddl triggers
28/01/2019 11:17:52 AM	Gathering ddl triggers
28/01/2019 11:17:52 AM	Gathering synonyms
28/01/2019 11:17:52 AM	Gathering defaults
28/01/2019 11:17:52 AM	Gathering data constraint uddt bindings
28/01/2019 11:17:52 AM	Gathering rules
28/01/2019 11:17:52 AM	Gathering data constraint uddt bindings
28/01/2019 11:17:52 AM	Gathering message types
28/01/2019 11:17:52 AM	Gathering queues
28/01/2019 11:17:52 AM	Gathering contracts
28/01/2019 11:17:52 AM	Gathering services
28/01/2019 11:17:52 AM	Gathering event notifications
28/01/2019 11:17:52 AM	Gathering remote service bindings
28/01/2019 11:17:52 AM	Gathering broker priorities
28/01/2019 11:17:52 AM	Gathering signatures
28/01/2019 11:17:52 AM	Gathering data compression options
28/01/2019 11:17:52 AM	Gathering sequence types
28/01/2019 11:17:52 AM	Gathering security policies
28/01/2019 11:17:52 AM	Gather column encryption keys
28/01/2019 11:17:52 AM	Gathering column master keys
28/01/2019 11:17:52 AM	Gathering external data sources
28/01/2019 11:17:52 AM	Gathering external file formats
28/01/2019 11:17:52 AM	Gathering external tables
28/01/2019 11:17:52 AM	Gathering extended properties
28/01/2019 11:17:52 AM	Gathering credentials
28/01/2019 11:17:52 AM	Gathering logins
28/01/2019 11:17:52 AM	Gathering server audits
28/01/2019 11:17:52 AM	Scanning project for duplicate elements
28/01/2019 11:17:52 AM	Finished duplicate element processing
28/01/2019 11:17:52 AM	Finished importing database.
28/01/2019 11:17:52 AM	A summary of the import was saved to the following location: C:\Chintan\Code\Hisab\Hisab.Database\Import Schema Logs\Hisab.Database_20190128121747.log
28/01/2019 11:17:52 AM	Click Finish to continue...
